<?xml version="1.0" encoding="UTF-8"?>
<!-- Generated by org.testng.reporters.JUnitReportReporter -->
<testsuite hostname="wsltbshil" failures="0" tests="1" name="com.miniproject.tests.HomePageTests" time="6.992" errors="0" timestamp="2021-10-20T22:01:29 IST" skipped="0">
  <testcase classname="com.miniproject.tests.HomePageTests" name="sampleTest" time="6.992"/>
  <system-out/>
</testsuite> <!-- com.miniproject.tests.HomePageTests -->
